build/app/intermediates/manifest_merge_blame_file/debug/manifest-merger-blame-debug-report.txt
1<?xml version="1.0" encoding="utf-8"?>
2<manifest xmlns:android="http://schemas.android.com/apk/res/android"
3    package="com.example.wilatone_restaurant"
4    android:versionCode="1"
5    android:versionName="1.0.0" >
6
7    <uses-sdk
8        android:minSdkVersion="19"
9        android:targetSdkVersion="33" />
10    <!--
11         The INTERNET permission is required for development. Specifically,
12         the Flutter tool needs it to communicate with the running application
13         to allow setting breakpoints, to provide hot reload, etc.
14    -->
15    <uses-permission android:name="android.permission.INTERNET" />
15-->src\main\AndroidManifest.xml:2:5-66
15-->src\main\AndroidManifest.xml:2:22-64
16
17    <queries>
17-->[:flutter_inappwebview] AndroidManifest.xml:9:5-13:15
18        <intent>
18-->[:flutter_inappwebview] AndroidManifest.xml:10:9-12:18
19            <action android:name="android.support.customtabs.action.CustomTabsService" />
19-->[:flutter_inappwebview] AndroidManifest.xml:11:13-90
19-->[:flutter_inappwebview] AndroidManifest.xml:11:21-87
20        </intent>
21    </queries>
22
23    <uses-permission android:name="android.permission.ACCESS_NETWORK_STATE" /> <!-- Add this -->
23-->[:connectivity_plus] AndroidManifest.xml:9:5-79
23-->[:connectivity_plus] AndroidManifest.xml:9:22-76
24    <application
25        android:name="android.app.Application"
26        android:appComponentFactory="androidx.core.app.CoreComponentFactory"
26-->[androidx.core:core:1.8.0] AndroidManifest.xml:24:18-86
27        android:debuggable="true"
28        android:icon="@mipmap/ic_launcher"
29        android:label="wilatone_restaurant" >
30        <activity
31            android:name="com.example.wilatone_restaurant.MainActivity"
32            android:configChanges="orientation|keyboardHidden|keyboard|screenSize|smallestScreenSize|locale|layoutDirection|fontScale|screenLayout|density|uiMode"
33            android:exported="true"
34            android:hardwareAccelerated="true"
35            android:launchMode="singleTop"
36            android:theme="@style/LaunchTheme"
37            android:windowSoftInputMode="adjustResize" >
38
39            <!--
40                 Specifies an Android theme to apply to this Activity as soon as
41                 the Android process has started. This theme is visible to the user
42                 while the Flutter UI initializes. After that, this theme continues
43                 to determine the Window background behind the Flutter UI.
44            -->
45            <meta-data
46                android:name="io.flutter.embedding.android.NormalTheme"
47                android:resource="@style/NormalTheme" />
48
49            <intent-filter>
50                <action android:name="android.intent.action.MAIN" />
51
52                <category android:name="android.intent.category.LAUNCHER" />
53            </intent-filter>
54        </activity>
55        <!--
56             Don't delete the meta-data below.
57             This is used by the Flutter tool to generate GeneratedPluginRegistrant.java
58        -->
59        <meta-data
60            android:name="flutterEmbedding"
61            android:value="2" />
62
63        <activity
63-->[:flutter_inappwebview] AndroidManifest.xml:16:9-20:47
64            android:name="com.pichillilorenzo.flutter_inappwebview.in_app_browser.InAppBrowserActivity"
64-->[:flutter_inappwebview] AndroidManifest.xml:17:13-104
65            android:configChanges="orientation|keyboardHidden|keyboard|screenSize|locale|layoutDirection|fontScale|screenLayout|density"
65-->[:flutter_inappwebview] AndroidManifest.xml:18:13-137
66            android:exported="false"
66-->[:flutter_inappwebview] AndroidManifest.xml:19:13-37
67            android:theme="@style/AppTheme" />
67-->[:flutter_inappwebview] AndroidManifest.xml:20:13-44
68        <activity
68-->[:flutter_inappwebview] AndroidManifest.xml:21:9-24:55
69            android:name="com.pichillilorenzo.flutter_inappwebview.chrome_custom_tabs.ChromeCustomTabsActivity"
69-->[:flutter_inappwebview] AndroidManifest.xml:22:13-112
70            android:exported="false"
70-->[:flutter_inappwebview] AndroidManifest.xml:23:13-37
71            android:theme="@style/ThemeTransparent" />
71-->[:flutter_inappwebview] AndroidManifest.xml:24:13-52
72        <activity
72-->[:flutter_inappwebview] AndroidManifest.xml:25:9-28:55
73            android:name="com.pichillilorenzo.flutter_inappwebview.chrome_custom_tabs.TrustedWebActivity"
73-->[:flutter_inappwebview] AndroidManifest.xml:26:13-106
74            android:exported="false"
74-->[:flutter_inappwebview] AndroidManifest.xml:27:13-37
75            android:theme="@style/ThemeTransparent" />
75-->[:flutter_inappwebview] AndroidManifest.xml:28:13-52
76        <activity
76-->[:flutter_inappwebview] AndroidManifest.xml:29:9-33:55
77            android:name="com.pichillilorenzo.flutter_inappwebview.chrome_custom_tabs.ChromeCustomTabsActivitySingleInstance"
77-->[:flutter_inappwebview] AndroidManifest.xml:30:13-126
78            android:exported="false"
78-->[:flutter_inappwebview] AndroidManifest.xml:31:13-37
79            android:launchMode="singleInstance"
79-->[:flutter_inappwebview] AndroidManifest.xml:32:13-48
80            android:theme="@style/ThemeTransparent" />
80-->[:flutter_inappwebview] AndroidManifest.xml:33:13-52
81        <activity
81-->[:flutter_inappwebview] AndroidManifest.xml:34:9-38:55
82            android:name="com.pichillilorenzo.flutter_inappwebview.chrome_custom_tabs.TrustedWebActivitySingleInstance"
82-->[:flutter_inappwebview] AndroidManifest.xml:35:13-120
83            android:exported="false"
83-->[:flutter_inappwebview] AndroidManifest.xml:36:13-37
84            android:launchMode="singleInstance"
84-->[:flutter_inappwebview] AndroidManifest.xml:37:13-48
85            android:theme="@style/ThemeTransparent" />
85-->[:flutter_inappwebview] AndroidManifest.xml:38:13-52
86
87        <receiver
87-->[:flutter_inappwebview] AndroidManifest.xml:40:9-43:40
88            android:name="com.pichillilorenzo.flutter_inappwebview.chrome_custom_tabs.ActionBroadcastReceiver"
88-->[:flutter_inappwebview] AndroidManifest.xml:41:13-111
89            android:enabled="true"
89-->[:flutter_inappwebview] AndroidManifest.xml:42:13-35
90            android:exported="false" />
90-->[:flutter_inappwebview] AndroidManifest.xml:43:13-37
91
92        <meta-data
92-->[:flutter_inappwebview] AndroidManifest.xml:45:9-47:36
93            android:name="io.flutter.embedded_views_preview"
93-->[:flutter_inappwebview] AndroidManifest.xml:46:13-61
94            android:value="true" />
94-->[:flutter_inappwebview] AndroidManifest.xml:47:13-33
95
96        <uses-library
96-->[androidx.window:window:1.0.0-beta04] AndroidManifest.xml:25:9-27:40
97            android:name="androidx.window.extensions"
97-->[androidx.window:window:1.0.0-beta04] AndroidManifest.xml:26:13-54
98            android:required="false" />
98-->[androidx.window:window:1.0.0-beta04] AndroidManifest.xml:27:13-37
99        <uses-library
99-->[androidx.window:window:1.0.0-beta04] AndroidManifest.xml:28:9-30:40
100            android:name="androidx.window.sidecar"
100-->[androidx.window:window:1.0.0-beta04] AndroidManifest.xml:29:13-51
101            android:required="false" />
101-->[androidx.window:window:1.0.0-beta04] AndroidManifest.xml:30:13-37
102
103        <activity
103-->[com.google.android.gms:play-services-auth:20.4.0] AndroidManifest.xml:23:9-27:75
104            android:name="com.google.android.gms.auth.api.signin.internal.SignInHubActivity"
104-->[com.google.android.gms:play-services-auth:20.4.0] AndroidManifest.xml:24:13-93
105            android:excludeFromRecents="true"
105-->[com.google.android.gms:play-services-auth:20.4.0] AndroidManifest.xml:25:13-46
106            android:exported="false"
106-->[com.google.android.gms:play-services-auth:20.4.0] AndroidManifest.xml:26:13-37
107            android:theme="@android:style/Theme.Translucent.NoTitleBar" />
107-->[com.google.android.gms:play-services-auth:20.4.0] AndroidManifest.xml:27:13-72
108        <!--
109            Service handling Google Sign-In user revocation. For apps that do not integrate with
110            Google Sign-In, this service will never be started.
111        -->
112        <service
112-->[com.google.android.gms:play-services-auth:20.4.0] AndroidManifest.xml:33:9-37:51
113            android:name="com.google.android.gms.auth.api.signin.RevocationBoundService"
113-->[com.google.android.gms:play-services-auth:20.4.0] AndroidManifest.xml:34:13-89
114            android:exported="true"
114-->[com.google.android.gms:play-services-auth:20.4.0] AndroidManifest.xml:35:13-36
115            android:permission="com.google.android.gms.auth.api.signin.permission.REVOCATION_NOTIFICATION"
115-->[com.google.android.gms:play-services-auth:20.4.0] AndroidManifest.xml:36:13-107
116            android:visibleToInstantApps="true" />
116-->[com.google.android.gms:play-services-auth:20.4.0] AndroidManifest.xml:37:13-48
117
118        <activity
118-->[com.google.android.gms:play-services-base:18.0.1] AndroidManifest.xml:20:9-22:45
119            android:name="com.google.android.gms.common.api.GoogleApiActivity"
119-->[com.google.android.gms:play-services-base:18.0.1] AndroidManifest.xml:20:19-85
120            android:exported="false"
120-->[com.google.android.gms:play-services-base:18.0.1] AndroidManifest.xml:22:19-43
121            android:theme="@android:style/Theme.Translucent.NoTitleBar" />
121-->[com.google.android.gms:play-services-base:18.0.1] AndroidManifest.xml:21:19-78
122
123        <meta-data
123-->[com.google.android.gms:play-services-basement:18.1.0] AndroidManifest.xml:21:9-23:69
124            android:name="com.google.android.gms.version"
124-->[com.google.android.gms:play-services-basement:18.1.0] AndroidManifest.xml:22:13-58
125            android:value="@integer/google_play_services_version" />
125-->[com.google.android.gms:play-services-basement:18.1.0] AndroidManifest.xml:23:13-66
126
127        <provider
127-->[androidx.emoji2:emoji2:1.2.0] AndroidManifest.xml:24:9-32:20
128            android:name="androidx.startup.InitializationProvider"
128-->[androidx.emoji2:emoji2:1.2.0] AndroidManifest.xml:25:13-67
129            android:authorities="com.example.wilatone_restaurant.androidx-startup"
129-->[androidx.emoji2:emoji2:1.2.0] AndroidManifest.xml:26:13-68
130            android:exported="false" >
130-->[androidx.emoji2:emoji2:1.2.0] AndroidManifest.xml:27:13-37
131            <meta-data
131-->[androidx.emoji2:emoji2:1.2.0] AndroidManifest.xml:29:13-31:52
132                android:name="androidx.emoji2.text.EmojiCompatInitializer"
132-->[androidx.emoji2:emoji2:1.2.0] AndroidManifest.xml:30:17-75
133                android:value="androidx.startup" />
133-->[androidx.emoji2:emoji2:1.2.0] AndroidManifest.xml:31:17-49
134            <meta-data
134-->[androidx.lifecycle:lifecycle-process:2.4.1] AndroidManifest.xml:31:13-33:52
135                android:name="androidx.lifecycle.ProcessLifecycleInitializer"
135-->[androidx.lifecycle:lifecycle-process:2.4.1] AndroidManifest.xml:32:17-78
136                android:value="androidx.startup" />
136-->[androidx.lifecycle:lifecycle-process:2.4.1] AndroidManifest.xml:33:17-49
137        </provider>
138    </application>
139
140</manifest>